\BOOKMARK [0][-]{Doc-Start}{Remerciements}{}% 1
\BOOKMARK [0][-]{Doc-Start}{Avant-propos \(optionnel\)}{}% 2
\BOOKMARK [0][-]{chapter*.1}{Table des mati\350res}{}% 3
\BOOKMARK [0][-]{chapter.1}{Introduction}{}% 4
\BOOKMARK [1][-]{section.1.1}{Contexte du probl\350me}{chapter.1}% 5
\BOOKMARK [1][-]{section.1.2}{Enjeux}{chapter.1}% 6
\BOOKMARK [0][-]{chapter.2}{Analyse du probl\350me}{}% 7
\BOOKMARK [1][-]{section.2.1}{Causes de la situation insatisfaisante}{chapter.2}% 8
\BOOKMARK [1][-]{section.2.2}{Cahier des charges du projet}{chapter.2}% 9
\BOOKMARK [0][-]{chapter.3}{Organisation}{}% 10
\BOOKMARK [1][-]{section.3.1}{M\351thode de travail}{chapter.3}% 11
\BOOKMARK [1][-]{section.3.2}{Technologies utilis\351es}{chapter.3}% 12
\BOOKMARK [1][-]{section.3.3}{R\351partition des t\342ches}{chapter.3}% 13
\BOOKMARK [0][-]{chapter.4}{R\351solution}{}% 14
\BOOKMARK [1][-]{section.4.1}{Solution propos\351e}{chapter.4}% 15
\BOOKMARK [1][-]{section.4.2}{Crit\350res de choix}{chapter.4}% 16
\BOOKMARK [0][-]{chapter.5}{Conclusion}{}% 17
\BOOKMARK [1][-]{section.5.1}{R\351sultats actuels}{chapter.5}% 18
\BOOKMARK [1][-]{section.5.2}{Perspectives}{chapter.5}% 19
\BOOKMARK [0][-]{chapter.6}{Exemples Listings}{}% 20
\BOOKMARK [0][-]{chapter.7}{Autre chapitre}{}% 21
\BOOKMARK [1][-]{section.7.1}{Autre section}{chapter.7}% 22
\BOOKMARK [2][-]{subsection.7.1.1}{Premi\350re sous-section}{section.7.1}% 23
\BOOKMARK [0][-]{chapter.8}{Conclusion}{}% 24
\BOOKMARK [0][-]{chapter*.2}{Liste des illustrations}{}% 25
\BOOKMARK [0][-]{chapter*.3}{Liste des tableaux}{}% 26
\BOOKMARK [0][-]{chapter*.4}{Listings}{}% 27
\BOOKMARK [0][-]{chapter*.5}{Glossaire}{}% 28
\BOOKMARK [-1][-]{part*.6}{Annexes}{}% 29
\BOOKMARK [0][-]{appendix.A}{Premi\350re Annexe}{part*.6}% 30
\BOOKMARK [0][-]{appendix.B}{Seconde Annexe}{part*.6}% 31
\BOOKMARK [0][-]{appendix.B}{R\351sum\351}{part*.6}% 32
\BOOKMARK [0][-]{appendix.B}{Abstract}{part*.6}% 33
